2020-03-25 07:11:19,137 INFO https://datos.cdmx.gob.mx/explore/dataset/fotocivicas/download/?format=csv&timezone=America/Mexico_City&lang=es&use_labels_for_header=true&csv_separator=%2C
2020-03-25 07:11:19,812 INFO data/adip/fotocivicas/fotocivicas.csv
2020-03-25 07:11:19,828 INFO https://datos.cdmx.gob.mx/explore/dataset/diagnostico-sobre-la-ciudad-en-el-mundo/download/?format=csv&timezone=America/Mexico_City&lang=es&use_labels_for_header=true&csv_separator=%2C
2020-03-25 07:11:20,556 INFO data/adip/diagnostico-sobre-la-ciudad-en-el-mundo/diagnostico-sobre-la-ciudad-en-el-mundo.csv
2020-03-25 07:11:20,560 INFO https://datos.cdmx.gob.mx/explore/dataset/incidentes-viales-c5/download/?format=csv&timezone=America/Mexico_City&lang=es&use_labels_for_header=true&csv_separator=%2C
2020-03-25 07:32:14,221 INFO data/adip/incidentes-viales-c5/incidentes-viales-c5.csv
2020-03-25 07:32:18,666 INFO https://datos.cdmx.gob.mx/explore/dataset/mapa_ingresos_parquimetros/download/?format=csv&timezone=America/Mexico_City&lang=es&use_labels_for_header=true&csv_separator=%2C
2020-03-25 07:32:19,559 INFO data/adip/mapa_ingresos_parquimetros/mapa_ingresos_parquimetros.csv
2020-03-25 07:32:19,563 INFO https://datos.cdmx.gob.mx/explore/dataset/contador-ciclistas/download/?format=csv&timezone=America/Mexico_City&lang=es&use_labels_for_header=true&csv_separator=%2C
2020-03-25 07:32:20,914 INFO data/adip/contador-ciclistas/contador-ciclistas.csv
2020-03-25 07:32:20,918 INFO https://datos.cdmx.gob.mx/explore/dataset/carpetas-de-investigacion-pgj-de-la-ciudad-de-mexico/download/?format=csv&timezone=America/Mexico_City&lang=es&use_labels_for_header=true&csv_separator=%2C
2020-03-25 07:41:09,695 INFO data/adip/carpetas-de-investigacion-pgj-de-la-ciudad-de-mexico/carpetas-de-investigacion-pgj-de-la-ciudad-de-mexico.csv
2020-03-25 07:41:10,778 INFO https://datos.cdmx.gob.mx/explore/dataset/victimas-en-carpetas-de-investigacion-pgj/download/?format=csv&timezone=America/Mexico_City&lang=es&use_labels_for_header=true&csv_separator=%2C
2020-03-25 07:44:07,147 INFO data/adip/victimas-en-carpetas-de-investigacion-pgj/victimas-en-carpetas-de-investigacion-pgj.csv
2020-03-25 07:44:07,372 INFO https://datos.cdmx.gob.mx/explore/dataset/prueba-parquimetros/download/?format=csv&timezone=America/Mexico_City&lang=es&use_labels_for_header=true&csv_separator=%2C
2020-03-25 07:44:08,667 INFO data/adip/prueba-parquimetros/prueba-parquimetros.csv
2020-03-25 07:44:08,671 INFO https://datos.cdmx.gob.mx/explore/dataset/hechos-de-transito-reportados-por-ssc-base-comparativa/download/?format=csv&timezone=America/Mexico_City&lang=es&use_labels_for_header=true&csv_separator=%2C
2020-03-25 07:44:35,619 INFO data/adip/hechos-de-transito-reportados-por-ssc-base-comparativa/hechos-de-transito-reportados-por-ssc-base-comparativa.csv
2020-03-25 07:44:35,666 INFO https://datos.cdmx.gob.mx/explore/dataset/hechos-de-transito-registrados-por-la-ssc-serie-para-comparaciones-interanuales-/download/?format=csv&timezone=America/Mexico_City&lang=es&use_labels_for_header=true&csv_separator=%2C
2020-03-25 07:44:35,950 ERROR 
------------------------------
ERROR
Traceback (most recent call last):
  File "download_files.py", line 30, in download
    filedata = urllib2.urlopen(url)
  File "/usr/lib/python2.7/urllib2.py", line 127, in urlopen
    return _opener.open(url, data, timeout)
  File "/usr/lib/python2.7/urllib2.py", line 410, in open
    response = meth(req, response)
  File "/usr/lib/python2.7/urllib2.py", line 523, in http_response
    'http', request, response, code, msg, hdrs)
  File "/usr/lib/python2.7/urllib2.py", line 448, in error
    return self._call_chain(*args)
  File "/usr/lib/python2.7/urllib2.py", line 382, in _call_chain
    result = func(*args)
  File "/usr/lib/python2.7/urllib2.py", line 531, in http_error_default
    raise HTTPError(req.get_full_url(), code, msg, hdrs, fp)
HTTPError: HTTP Error 404: Not Found
2020-03-25 07:44:35,951 INFO https://datos.cdmx.gob.mx/explore/dataset/gtfs-general-transit-feed-specifications-actualizado-de-la-ciudad-de-mexico/download/?format=csv&timezone=America/Mexico_City&lang=es&use_labels_for_header=true&csv_separator=%2C
2020-03-25 07:44:37,018 INFO data/adip/gtfs-general-transit-feed-specifications-actualizado-de-la-ciudad-de-mexico/gtfs-general-transit-feed-specifications-actualizado-de-la-ciudad-de-mexico.csv
2020-03-25 07:44:37,023 INFO https://datos.cdmx.gob.mx/explore/dataset/vialidades-de-la-ciudad-de-mexico/download/?format=csv&timezone=America/Mexico_City&lang=es&use_labels_for_header=true&csv_separator=%2C
2020-03-25 07:44:37,924 INFO data/adip/vialidades-de-la-ciudad-de-mexico/vialidades-de-la-ciudad-de-mexico.csv
2020-03-25 07:44:37,929 INFO https://datos.cdmx.gob.mx/explore/dataset/ciclovias/download/?format=csv&timezone=America/Mexico_City&lang=es&use_labels_for_header=true&csv_separator=%2C
2020-03-25 07:44:38,472 INFO data/adip/ciclovias/ciclovias.csv
2020-03-25 07:44:38,476 INFO https://datos.cdmx.gob.mx/explore/dataset/estaciones-de-ecobici/download/?format=csv&timezone=America/Mexico_City&lang=es&use_labels_for_header=true&csv_separator=%2C
2020-03-25 07:44:39,127 INFO data/adip/estaciones-de-ecobici/estaciones-de-ecobici.csv
2020-03-25 07:44:39,131 INFO https://publicacionexterna.azurewebsites.net/publicaciones/places
2020-03-25 07:44:40,359 INFO data/cre/places/places.xml
2020-03-25 07:44:40,371 INFO https://publicacionexterna.azurewebsites.net/publicaciones/prices
2020-03-25 07:44:40,974 INFO data/cre/prices/prices.xml
