2021-09-06 08:09:08,606 INFO https://datos.cdmx.gob.mx/explore/dataset/fotocivicas/download/?format=csv&timezone=America/Mexico_City&lang=es&use_labels_for_header=true&csv_separator=%2C
2021-09-06 08:09:10,031 INFO data/adip/fotocivicas/fotocivicas.csv
2021-09-06 08:09:10,041 INFO https://datos.cdmx.gob.mx/explore/dataset/diagnostico-sobre-la-ciudad-en-el-mundo/download/?format=csv&timezone=America/Mexico_City&lang=es&use_labels_for_header=true&csv_separator=%2C
2021-09-06 08:09:11,310 INFO data/adip/diagnostico-sobre-la-ciudad-en-el-mundo/diagnostico-sobre-la-ciudad-en-el-mundo.csv
2021-09-06 08:09:11,314 INFO https://datos.cdmx.gob.mx/explore/dataset/incidentes-viales-c5/download/?format=csv&timezone=America/Mexico_City&lang=es&use_labels_for_header=true&csv_separator=%2C
2021-09-06 08:09:12,365 INFO data/adip/incidentes-viales-c5/incidentes-viales-c5.csv
2021-09-06 08:09:12,369 INFO https://datos.cdmx.gob.mx/explore/dataset/mapa_ingresos_parquimetros/download/?format=csv&timezone=America/Mexico_City&lang=es&use_labels_for_header=true&csv_separator=%2C
2021-09-06 08:09:13,601 INFO data/adip/mapa_ingresos_parquimetros/mapa_ingresos_parquimetros.csv
2021-09-06 08:09:13,607 INFO https://datos.cdmx.gob.mx/explore/dataset/contador-ciclistas/download/?format=csv&timezone=America/Mexico_City&lang=es&use_labels_for_header=true&csv_separator=%2C
2021-09-06 08:09:14,730 INFO data/adip/contador-ciclistas/contador-ciclistas.csv
2021-09-06 08:09:14,734 INFO https://datos.cdmx.gob.mx/explore/dataset/carpetas-de-investigacion-pgj-de-la-ciudad-de-mexico/download/?format=csv&timezone=America/Mexico_City&lang=es&use_labels_for_header=true&csv_separator=%2C
2021-09-06 08:09:15,882 INFO data/adip/carpetas-de-investigacion-pgj-de-la-ciudad-de-mexico/carpetas-de-investigacion-pgj-de-la-ciudad-de-mexico.csv
2021-09-06 08:09:15,886 INFO https://datos.cdmx.gob.mx/explore/dataset/victimas-en-carpetas-de-investigacion-pgj/download/?format=csv&timezone=America/Mexico_City&lang=es&use_labels_for_header=true&csv_separator=%2C
2021-09-06 08:09:16,948 INFO data/adip/victimas-en-carpetas-de-investigacion-pgj/victimas-en-carpetas-de-investigacion-pgj.csv
2021-09-06 08:09:16,952 INFO https://datos.cdmx.gob.mx/explore/dataset/prueba-parquimetros/download/?format=csv&timezone=America/Mexico_City&lang=es&use_labels_for_header=true&csv_separator=%2C
2021-09-06 08:09:17,998 INFO data/adip/prueba-parquimetros/prueba-parquimetros.csv
2021-09-06 08:09:18,003 INFO https://datos.cdmx.gob.mx/explore/dataset/hechos-de-transito-reportados-por-ssc-base-comparativa/download/?format=csv&timezone=America/Mexico_City&lang=es&use_labels_for_header=true&csv_separator=%2C
2021-09-06 08:09:18,995 INFO data/adip/hechos-de-transito-reportados-por-ssc-base-comparativa/hechos-de-transito-reportados-por-ssc-base-comparativa.csv
2021-09-06 08:09:18,999 INFO https://datos.cdmx.gob.mx/explore/dataset/hechos-de-transito-registrados-por-la-ssc-serie-para-comparaciones-interanuales-/download/?format=csv&timezone=America/Mexico_City&lang=es&use_labels_for_header=true&csv_separator=%2C
2021-09-06 08:09:20,187 INFO data/adip/hechos-de-transito-registrados-por-la-ssc-serie-para-comparaciones-interanuales-/hechos-de-transito-registrados-por-la-ssc-serie-para-comparaciones-interanuales-.csv
2021-09-06 08:09:20,191 INFO https://datos.cdmx.gob.mx/explore/dataset/gtfs-general-transit-feed-specifications-actualizado-de-la-ciudad-de-mexico/download/?format=csv&timezone=America/Mexico_City&lang=es&use_labels_for_header=true&csv_separator=%2C
2021-09-06 08:09:21,373 INFO data/adip/gtfs-general-transit-feed-specifications-actualizado-de-la-ciudad-de-mexico/gtfs-general-transit-feed-specifications-actualizado-de-la-ciudad-de-mexico.csv
2021-09-06 08:09:21,377 INFO https://datos.cdmx.gob.mx/explore/dataset/vialidades-de-la-ciudad-de-mexico/download/?format=csv&timezone=America/Mexico_City&lang=es&use_labels_for_header=true&csv_separator=%2C
2021-09-06 08:09:22,409 INFO data/adip/vialidades-de-la-ciudad-de-mexico/vialidades-de-la-ciudad-de-mexico.csv
2021-09-06 08:09:22,413 INFO https://datos.cdmx.gob.mx/explore/dataset/ciclovias/download/?format=csv&timezone=America/Mexico_City&lang=es&use_labels_for_header=true&csv_separator=%2C
2021-09-06 08:09:23,445 INFO data/adip/ciclovias/ciclovias.csv
2021-09-06 08:09:23,449 INFO https://datos.cdmx.gob.mx/explore/dataset/estaciones-de-ecobici/download/?format=csv&timezone=America/Mexico_City&lang=es&use_labels_for_header=true&csv_separator=%2C
2021-09-06 08:09:24,510 INFO data/adip/estaciones-de-ecobici/estaciones-de-ecobici.csv
2021-09-06 08:09:24,514 INFO https://datos.cdmx.gob.mx/explore/dataset/base-covid-sinave/download/?format=csv&timezone=America/Mexico_City&lang=es&use_labels_for_header=true&csv_separator=%2C
2021-09-06 08:09:25,732 INFO data/adip/base-covid-sinave/base-covid-sinave.csv
2021-09-06 08:09:25,736 INFO http://187.191.75.115/gobmx/salud/datos_abiertos/datos_abiertos_covid19.zip
2021-09-06 08:11:36,109 ERROR 
------------------------------
ERROR
Traceback (most recent call last):
  File "download_files.py", line 30, in download
    filedata = urllib2.urlopen(url)
  File "/usr/lib/python2.7/urllib2.py", line 127, in urlopen
    return _opener.open(url, data, timeout)
  File "/usr/lib/python2.7/urllib2.py", line 404, in open
    response = self._open(req, data)
  File "/usr/lib/python2.7/urllib2.py", line 422, in _open
    '_open', req)
  File "/usr/lib/python2.7/urllib2.py", line 382, in _call_chain
    result = func(*args)
  File "/usr/lib/python2.7/urllib2.py", line 1214, in http_open
    return self.do_open(httplib.HTTPConnection, req)
  File "/usr/lib/python2.7/urllib2.py", line 1184, in do_open
    raise URLError(err)
URLError: <urlopen error [Errno 110] Connection timed out>
2021-09-06 08:11:36,111 INFO https://publicacionexterna.azurewebsites.net/publicaciones/places
2021-09-06 08:11:36,869 INFO data/cre/places/places.xml
2021-09-06 08:11:36,879 INFO https://publicacionexterna.azurewebsites.net/publicaciones/prices
2021-09-06 08:11:37,466 INFO data/cre/prices/prices.xml
