2021-04-10 08:05:13,976 INFO https://datos.cdmx.gob.mx/explore/dataset/fotocivicas/download/?format=csv&timezone=America/Mexico_City&lang=es&use_labels_for_header=true&csv_separator=%2C
2021-04-10 08:05:15,101 INFO data/adip/fotocivicas/fotocivicas.csv
2021-04-10 08:05:15,110 INFO https://datos.cdmx.gob.mx/explore/dataset/diagnostico-sobre-la-ciudad-en-el-mundo/download/?format=csv&timezone=America/Mexico_City&lang=es&use_labels_for_header=true&csv_separator=%2C
2021-04-10 08:05:16,114 INFO data/adip/diagnostico-sobre-la-ciudad-en-el-mundo/diagnostico-sobre-la-ciudad-en-el-mundo.csv
2021-04-10 08:05:16,119 INFO https://datos.cdmx.gob.mx/explore/dataset/incidentes-viales-c5/download/?format=csv&timezone=America/Mexico_City&lang=es&use_labels_for_header=true&csv_separator=%2C
2021-04-10 08:05:17,123 INFO data/adip/incidentes-viales-c5/incidentes-viales-c5.csv
2021-04-10 08:05:17,127 INFO https://datos.cdmx.gob.mx/explore/dataset/mapa_ingresos_parquimetros/download/?format=csv&timezone=America/Mexico_City&lang=es&use_labels_for_header=true&csv_separator=%2C
2021-04-10 08:05:18,143 INFO data/adip/mapa_ingresos_parquimetros/mapa_ingresos_parquimetros.csv
2021-04-10 08:05:18,147 INFO https://datos.cdmx.gob.mx/explore/dataset/contador-ciclistas/download/?format=csv&timezone=America/Mexico_City&lang=es&use_labels_for_header=true&csv_separator=%2C
2021-04-10 08:05:19,286 INFO data/adip/contador-ciclistas/contador-ciclistas.csv
2021-04-10 08:05:19,301 INFO https://datos.cdmx.gob.mx/explore/dataset/carpetas-de-investigacion-pgj-de-la-ciudad-de-mexico/download/?format=csv&timezone=America/Mexico_City&lang=es&use_labels_for_header=true&csv_separator=%2C
2021-04-10 08:05:20,273 INFO data/adip/carpetas-de-investigacion-pgj-de-la-ciudad-de-mexico/carpetas-de-investigacion-pgj-de-la-ciudad-de-mexico.csv
2021-04-10 08:05:20,278 INFO https://datos.cdmx.gob.mx/explore/dataset/victimas-en-carpetas-de-investigacion-pgj/download/?format=csv&timezone=America/Mexico_City&lang=es&use_labels_for_header=true&csv_separator=%2C
2021-04-10 08:05:21,234 INFO data/adip/victimas-en-carpetas-de-investigacion-pgj/victimas-en-carpetas-de-investigacion-pgj.csv
2021-04-10 08:05:21,238 INFO https://datos.cdmx.gob.mx/explore/dataset/prueba-parquimetros/download/?format=csv&timezone=America/Mexico_City&lang=es&use_labels_for_header=true&csv_separator=%2C
2021-04-10 08:05:22,294 INFO data/adip/prueba-parquimetros/prueba-parquimetros.csv
2021-04-10 08:05:22,299 INFO https://datos.cdmx.gob.mx/explore/dataset/hechos-de-transito-reportados-por-ssc-base-comparativa/download/?format=csv&timezone=America/Mexico_City&lang=es&use_labels_for_header=true&csv_separator=%2C
2021-04-10 08:05:23,306 INFO data/adip/hechos-de-transito-reportados-por-ssc-base-comparativa/hechos-de-transito-reportados-por-ssc-base-comparativa.csv
2021-04-10 08:05:23,310 INFO https://datos.cdmx.gob.mx/explore/dataset/hechos-de-transito-registrados-por-la-ssc-serie-para-comparaciones-interanuales-/download/?format=csv&timezone=America/Mexico_City&lang=es&use_labels_for_header=true&csv_separator=%2C
2021-04-10 08:05:24,429 INFO data/adip/hechos-de-transito-registrados-por-la-ssc-serie-para-comparaciones-interanuales-/hechos-de-transito-registrados-por-la-ssc-serie-para-comparaciones-interanuales-.csv
2021-04-10 08:05:24,434 INFO https://datos.cdmx.gob.mx/explore/dataset/gtfs-general-transit-feed-specifications-actualizado-de-la-ciudad-de-mexico/download/?format=csv&timezone=America/Mexico_City&lang=es&use_labels_for_header=true&csv_separator=%2C
2021-04-10 08:05:25,416 INFO data/adip/gtfs-general-transit-feed-specifications-actualizado-de-la-ciudad-de-mexico/gtfs-general-transit-feed-specifications-actualizado-de-la-ciudad-de-mexico.csv
2021-04-10 08:05:25,420 INFO https://datos.cdmx.gob.mx/explore/dataset/vialidades-de-la-ciudad-de-mexico/download/?format=csv&timezone=America/Mexico_City&lang=es&use_labels_for_header=true&csv_separator=%2C
2021-04-10 08:05:26,462 INFO data/adip/vialidades-de-la-ciudad-de-mexico/vialidades-de-la-ciudad-de-mexico.csv
2021-04-10 08:05:26,466 INFO https://datos.cdmx.gob.mx/explore/dataset/ciclovias/download/?format=csv&timezone=America/Mexico_City&lang=es&use_labels_for_header=true&csv_separator=%2C
2021-04-10 08:05:27,480 INFO data/adip/ciclovias/ciclovias.csv
2021-04-10 08:05:27,484 INFO https://datos.cdmx.gob.mx/explore/dataset/estaciones-de-ecobici/download/?format=csv&timezone=America/Mexico_City&lang=es&use_labels_for_header=true&csv_separator=%2C
2021-04-10 08:05:28,686 INFO data/adip/estaciones-de-ecobici/estaciones-de-ecobici.csv
2021-04-10 08:05:28,690 INFO https://datos.cdmx.gob.mx/explore/dataset/base-covid-sinave/download/?format=csv&timezone=America/Mexico_City&lang=es&use_labels_for_header=true&csv_separator=%2C
2021-04-10 08:05:29,837 INFO data/adip/base-covid-sinave/base-covid-sinave.csv
2021-04-10 08:05:29,841 INFO http://187.191.75.115/gobmx/salud/datos_abiertos/datos_abiertos_covid19.zip
2021-04-10 08:07:39,292 ERROR 
------------------------------
ERROR
Traceback (most recent call last):
  File "download_files.py", line 30, in download
    filedata = urllib2.urlopen(url)
  File "/usr/lib/python2.7/urllib2.py", line 127, in urlopen
    return _opener.open(url, data, timeout)
  File "/usr/lib/python2.7/urllib2.py", line 404, in open
    response = self._open(req, data)
  File "/usr/lib/python2.7/urllib2.py", line 422, in _open
    '_open', req)
  File "/usr/lib/python2.7/urllib2.py", line 382, in _call_chain
    result = func(*args)
  File "/usr/lib/python2.7/urllib2.py", line 1214, in http_open
    return self.do_open(httplib.HTTPConnection, req)
  File "/usr/lib/python2.7/urllib2.py", line 1184, in do_open
    raise URLError(err)
URLError: <urlopen error [Errno 110] Connection timed out>
2021-04-10 08:07:39,294 INFO https://publicacionexterna.azurewebsites.net/publicaciones/places
2021-04-10 08:07:40,104 INFO data/cre/places/places.xml
2021-04-10 08:07:40,151 INFO https://publicacionexterna.azurewebsites.net/publicaciones/prices
2021-04-10 08:07:40,782 INFO data/cre/prices/prices.xml
