2022-03-04 08:14:18,374 INFO https://datos.cdmx.gob.mx/explore/dataset/fotocivicas/download/?format=csv&timezone=America/Mexico_City&lang=es&use_labels_for_header=true&csv_separator=%2C
2022-03-04 08:14:20,139 INFO data/adip/fotocivicas/fotocivicas.csv
2022-03-04 08:14:20,148 INFO https://datos.cdmx.gob.mx/explore/dataset/diagnostico-sobre-la-ciudad-en-el-mundo/download/?format=csv&timezone=America/Mexico_City&lang=es&use_labels_for_header=true&csv_separator=%2C
2022-03-04 08:14:21,222 INFO data/adip/diagnostico-sobre-la-ciudad-en-el-mundo/diagnostico-sobre-la-ciudad-en-el-mundo.csv
2022-03-04 08:14:21,226 INFO https://datos.cdmx.gob.mx/explore/dataset/incidentes-viales-c5/download/?format=csv&timezone=America/Mexico_City&lang=es&use_labels_for_header=true&csv_separator=%2C
2022-03-04 08:14:22,336 INFO data/adip/incidentes-viales-c5/incidentes-viales-c5.csv
2022-03-04 08:14:22,340 INFO https://datos.cdmx.gob.mx/explore/dataset/mapa_ingresos_parquimetros/download/?format=csv&timezone=America/Mexico_City&lang=es&use_labels_for_header=true&csv_separator=%2C
2022-03-04 08:14:23,439 INFO data/adip/mapa_ingresos_parquimetros/mapa_ingresos_parquimetros.csv
2022-03-04 08:14:23,444 INFO https://datos.cdmx.gob.mx/explore/dataset/contador-ciclistas/download/?format=csv&timezone=America/Mexico_City&lang=es&use_labels_for_header=true&csv_separator=%2C
2022-03-04 08:14:24,549 INFO data/adip/contador-ciclistas/contador-ciclistas.csv
2022-03-04 08:14:24,553 INFO https://datos.cdmx.gob.mx/explore/dataset/carpetas-de-investigacion-pgj-de-la-ciudad-de-mexico/download/?format=csv&timezone=America/Mexico_City&lang=es&use_labels_for_header=true&csv_separator=%2C
2022-03-04 08:14:25,673 INFO data/adip/carpetas-de-investigacion-pgj-de-la-ciudad-de-mexico/carpetas-de-investigacion-pgj-de-la-ciudad-de-mexico.csv
2022-03-04 08:14:25,677 INFO https://datos.cdmx.gob.mx/explore/dataset/victimas-en-carpetas-de-investigacion-pgj/download/?format=csv&timezone=America/Mexico_City&lang=es&use_labels_for_header=true&csv_separator=%2C
2022-03-04 08:14:26,763 INFO data/adip/victimas-en-carpetas-de-investigacion-pgj/victimas-en-carpetas-de-investigacion-pgj.csv
2022-03-04 08:14:26,767 INFO https://datos.cdmx.gob.mx/explore/dataset/prueba-parquimetros/download/?format=csv&timezone=America/Mexico_City&lang=es&use_labels_for_header=true&csv_separator=%2C
2022-03-04 08:14:27,847 INFO data/adip/prueba-parquimetros/prueba-parquimetros.csv
2022-03-04 08:14:27,850 INFO https://datos.cdmx.gob.mx/explore/dataset/hechos-de-transito-reportados-por-ssc-base-comparativa/download/?format=csv&timezone=America/Mexico_City&lang=es&use_labels_for_header=true&csv_separator=%2C
2022-03-04 08:14:28,926 INFO data/adip/hechos-de-transito-reportados-por-ssc-base-comparativa/hechos-de-transito-reportados-por-ssc-base-comparativa.csv
2022-03-04 08:14:28,930 INFO https://datos.cdmx.gob.mx/explore/dataset/hechos-de-transito-registrados-por-la-ssc-serie-para-comparaciones-interanuales-/download/?format=csv&timezone=America/Mexico_City&lang=es&use_labels_for_header=true&csv_separator=%2C
2022-03-04 08:14:30,037 INFO data/adip/hechos-de-transito-registrados-por-la-ssc-serie-para-comparaciones-interanuales-/hechos-de-transito-registrados-por-la-ssc-serie-para-comparaciones-interanuales-.csv
2022-03-04 08:14:30,041 INFO https://datos.cdmx.gob.mx/explore/dataset/gtfs-general-transit-feed-specifications-actualizado-de-la-ciudad-de-mexico/download/?format=csv&timezone=America/Mexico_City&lang=es&use_labels_for_header=true&csv_separator=%2C
2022-03-04 08:14:32,397 INFO data/adip/gtfs-general-transit-feed-specifications-actualizado-de-la-ciudad-de-mexico/gtfs-general-transit-feed-specifications-actualizado-de-la-ciudad-de-mexico.csv
2022-03-04 08:14:32,401 INFO https://datos.cdmx.gob.mx/explore/dataset/vialidades-de-la-ciudad-de-mexico/download/?format=csv&timezone=America/Mexico_City&lang=es&use_labels_for_header=true&csv_separator=%2C
2022-03-04 08:14:34,473 INFO data/adip/vialidades-de-la-ciudad-de-mexico/vialidades-de-la-ciudad-de-mexico.csv
2022-03-04 08:14:34,477 INFO https://datos.cdmx.gob.mx/explore/dataset/ciclovias/download/?format=csv&timezone=America/Mexico_City&lang=es&use_labels_for_header=true&csv_separator=%2C
2022-03-04 08:14:35,526 INFO data/adip/ciclovias/ciclovias.csv
2022-03-04 08:14:35,530 INFO https://datos.cdmx.gob.mx/explore/dataset/estaciones-de-ecobici/download/?format=csv&timezone=America/Mexico_City&lang=es&use_labels_for_header=true&csv_separator=%2C
2022-03-04 08:14:36,720 INFO data/adip/estaciones-de-ecobici/estaciones-de-ecobici.csv
2022-03-04 08:14:36,724 INFO https://datos.cdmx.gob.mx/explore/dataset/base-covid-sinave/download/?format=csv&timezone=America/Mexico_City&lang=es&use_labels_for_header=true&csv_separator=%2C
2022-03-04 08:14:37,886 INFO data/adip/base-covid-sinave/base-covid-sinave.csv
2022-03-04 08:14:37,890 INFO http://187.191.75.115/gobmx/salud/datos_abiertos/datos_abiertos_covid19.zip
2022-03-04 08:16:48,783 ERROR 
------------------------------
ERROR
Traceback (most recent call last):
  File "download_files.py", line 30, in download
    filedata = urllib2.urlopen(url)
  File "/usr/lib/python2.7/urllib2.py", line 127, in urlopen
    return _opener.open(url, data, timeout)
  File "/usr/lib/python2.7/urllib2.py", line 404, in open
    response = self._open(req, data)
  File "/usr/lib/python2.7/urllib2.py", line 422, in _open
    '_open', req)
  File "/usr/lib/python2.7/urllib2.py", line 382, in _call_chain
    result = func(*args)
  File "/usr/lib/python2.7/urllib2.py", line 1214, in http_open
    return self.do_open(httplib.HTTPConnection, req)
  File "/usr/lib/python2.7/urllib2.py", line 1184, in do_open
    raise URLError(err)
URLError: <urlopen error [Errno 110] Connection timed out>
2022-03-04 08:16:48,785 INFO https://publicacionexterna.azurewebsites.net/publicaciones/places
2022-03-04 08:16:49,543 INFO data/cre/places/places.xml
2022-03-04 08:16:49,627 INFO https://publicacionexterna.azurewebsites.net/publicaciones/prices
2022-03-04 08:16:50,637 INFO data/cre/prices/prices.xml
